Base path: /Applications/Unity/Hub/Editor/2018.3.7f1/Unity.app/Contents
Cmd: initializeCompiler
Cmd: compileComputeKernel
  api=14 insize=3182 outsize=8245 ok=1
Cmd: translateComputeKernel
  api=14 insize=6657 outsize=1561 ok=1
Cmd: compileComputeKernel
  api=14 insize=1484 outsize=781 ok=1
Cmd: compileComputeKernel
  api=14 insize=2285 outsize=7313 ok=1
Cmd: translateComputeKernel
  api=14 insize=7313 outsize=3141 ok=1
Cmd: initializeCompiler
Cmd: initializeCompiler
Cmd: initializeCompiler
Cmd: initializeCompiler
Cmd: initializeCompiler
Cmd: initializeCompiler
Cmd: initializeCompiler
Cmd: initializeCompiler
Cmd: initializeCompiler
Cmd: initializeCompiler
Cmd: initializeCompiler
Cmd: initializeCompiler
Cmd: initializeCompiler
Cmd: initializeCompiler
Cmd: initializeCompiler
Cmd: initializeCompiler
Cmd: initializeCompiler

Quitting shader compiler process
