Base path: /Applications/Unity/Hub/Editor/2018.3.7f1/Unity.app/Contents
Cmd: initializeCompiler
Cmd: compileComputeKernel
  api=14 insize=1386 outsize=6489 ok=1
Cmd: translateComputeKernel
  api=14 insize=7437 outsize=3113 ok=1
Cmd: compileComputeKernel
  api=14 insize=3182 outsize=6585 ok=1
Cmd: translateComputeKernel
  api=14 insize=7909 outsize=5241 ok=1
Cmd: translateComputeKernel
  api=14 insize=7489 outsize=3533 ok=1
Cmd: initializeCompiler
Cmd: initializeCompiler
Cmd: initializeCompiler
Cmd: initializeCompiler
Cmd: initializeCompiler
Cmd: initializeCompiler
Cmd: initializeCompiler
Cmd: initializeCompiler
Cmd: initializeCompiler
Cmd: initializeCompiler
Cmd: initializeCompiler
Cmd: initializeCompiler
Cmd: initializeCompiler
Cmd: initializeCompiler
Cmd: initializeCompiler
Cmd: initializeCompiler
Cmd: initializeCompiler

Quitting shader compiler process
